env: load .env
env: export EXPO_PUBLIC_BACKEND_URL EXPO_PUBLIC_FIREBASE_API_KEY EXPO_PUBLIC_FIREBASE_AUTH_DOMAIN EXPO_PUBLIC_FIREBASE_PROJECT_ID EXPO_PUBLIC_FIREBASE_STORAGE_BUCKET EXPO_PUBLIC_FIREBASE_MESSAGING_SENDER_ID EXPO_PUBLIC_FIREBASE_APP_ID EXPO_PUBLIC_GOOGLE_ANDROID_CLIENT_ID EXPO_PUBLIC_GOOGLE_WEB_CLIENT_ID EXPO_PUBLIC_FACEBOOK_APP_ID EXPO_PUBLIC_FACEBOOK_CLIENT_TOKEN
Starting project at C:\Users\raede\OneDrive\Desktop\Sproutify_app\frontend
Metro is running in CI mode, reloads are disabled. Remove CI=true to enable watch mode.
Starting Metro Bundler
warning: Bundler cache is empty, rebuilding (this may take a minute)
Waiting on http://localhost:8092
Logs for your project will appear below.
Web .\index.js ░░░░░░░░░░░░░░░░  0.0% (0/1)
Web .\index.js ▓░░░░░░░░░░░░░░░  8.9% ( 46/154)
Web .\index.js ▓░░░░░░░░░░░░░░░ 12.0% (108/312)
Web .\index.js ▓▓░░░░░░░░░░░░░░ 17.9% (155/367)
Web .\index.js ▓▓▓▓░░░░░░░░░░░░ 28.4% (220/413)
Web .\index.js ▓▓▓▓▓░░░░░░░░░░░ 36.3% (303/538)
Web .\index.js ▓▓▓▓▓▓░░░░░░░░░░ 37.9% (355/577)
Web .\index.js ▓▓▓▓▓▓▓░░░░░░░░░ 44.6% (390/584)
Web .\index.js ▓▓▓▓▓▓▓▓░░░░░░░░ 53.6% (456/656)
Web .\index.js ▓▓▓▓▓▓▓▓░░░░░░░░ 53.6% (475/660)
Web .\index.js ▓▓▓▓▓▓▓▓░░░░░░░░ 55.7% (535/717)
Web .\index.js ▓▓▓▓▓▓▓▓▓░░░░░░░ 58.0% (627/823)
Web .\index.js ▓▓▓▓▓▓▓▓▓░░░░░░░ 59.2% ( 723/1010)
Web .\index.js ▓▓▓▓▓▓▓▓▓░░░░░░░ 59.2% ( 800/1049)
Web .\index.js ▓▓▓▓▓▓▓▓▓▓▓░░░░░ 71.3% ( 918/1087)
Web .\index.js ▓▓▓▓▓▓▓▓▓▓▓▓░░░░ 77.9% (1014/1164)
