
> frontend@1.0.0 start:no-watch
> set CI=1&& expo start --port 8096 --clear

env: load .env
env: export EXPO_PUBLIC_BACKEND_URL EXPO_PUBLIC_FIREBASE_API_KEY EXPO_PUBLIC_FIREBASE_AUTH_DOMAIN EXPO_PUBLIC_FIREBASE_PROJECT_ID EXPO_PUBLIC_FIREBASE_STORAGE_BUCKET EXPO_PUBLIC_FIREBASE_MESSAGING_SENDER_ID EXPO_PUBLIC_FIREBASE_APP_ID EXPO_PUBLIC_GOOGLE_ANDROID_CLIENT_ID EXPO_PUBLIC_GOOGLE_WEB_CLIENT_ID EXPO_PUBLIC_FACEBOOK_APP_ID EXPO_PUBLIC_FACEBOOK_CLIENT_TOKEN
Starting project at C:\Users\raede\OneDrive\Desktop\Sproutify_app\frontend
Metro is running in CI mode, reloads are disabled. Remove CI=true to enable watch mode.
Starting Metro Bundler
warning: Bundler cache is empty, rebuilding (this may take a minute)
Waiting on http://localhost:8096
Logs for your project will appear below.
Web .\index.js ░░░░░░░░░░░░░░░░  0.0% (0/1)
Web .\index.js ▓░░░░░░░░░░░░░░░  7.0% ( 38/144)
Web .\index.js ▓▓░░░░░░░░░░░░░░ 13.9% (122/327)
Web .\index.js ▓▓▓░░░░░░░░░░░░░ 21.5% (177/383)
Web .\index.js ▓▓▓▓▓░░░░░░░░░░░ 35.4% (286/527)
Web .\index.js ▓▓▓▓▓▓░░░░░░░░░░ 41.8% (377/583)
Web .\index.js ▓▓▓▓▓▓▓▓░░░░░░░░ 51.7% (454/651)
Web .\index.js ▓▓▓▓▓▓▓▓░░░░░░░░ 54.0% (508/696)
Web .\index.js ▓▓▓▓▓▓▓▓▓░░░░░░░ 59.6% (636/824)
Web .\index.js ▓▓▓▓▓▓▓▓▓░░░░░░░ 59.6% ( 756/1024)
Web .\index.js ▓▓▓▓▓▓▓▓▓▓░░░░░░ 67.9% ( 890/1080)
Web .\index.js ▓▓▓▓▓▓▓▓▓▓▓▓░░░░ 77.7% (1014/1164)
Web .\index.js ▓▓▓▓▓▓▓▓▓▓▓▓░░░░ 78.0% (1087/1249)
Web .\index.js ▓▓▓▓▓▓▓▓▓▓▓▓░░░░ 78.3% (1170/1347)
Web .\index.js ▓▓▓▓▓▓▓▓▓▓▓▓▓▓░░ 89.8% (1335/1412)
Web Bundled 53025ms index.js (1431 modules)
